<?xml version="1.0" encoding="UTF-8"?>
<testng-results ignored="0" total="2" passed="2" failed="0" skipped="0">
  <reporter-output>
  </reporter-output>
  <suite started-at="2026-04-17T08:28:58 IST" name="Suite" finished-at="2026-04-17T08:29:10 IST" duration-ms="12630">
    <groups>
      <group name="Master">
        <method signature="TC002_WebLoginTest.verifyLogin()[pri:0, instance:testCases.TC002_WebLoginTest@5e403b4a]" name="verifyLogin" class="testCases.TC002_WebLoginTest"/>
        <method signature="TC004_ClickComputers.clickCompLink()[pri:0, instance:testCases.TC004_ClickComputers@df6620a]" name="clickCompLink" class="testCases.TC004_ClickComputers"/>
      </group> <!-- Master -->
      <group name="Sanity">
        <method signature="TC002_WebLoginTest.verifyLogin()[pri:0, instance:testCases.TC002_WebLoginTest@5e403b4a]" name="verifyLogin" class="testCases.TC002_WebLoginTest"/>
      </group> <!-- Sanity -->
      <group name="Regression">
        <method signature="TC004_ClickComputers.clickCompLink()[pri:0, instance:testCases.TC004_ClickComputers@df6620a]" name="clickCompLink" class="testCases.TC004_ClickComputers"/>
      </group> <!-- Regression -->
    </groups>
    <test started-at="2026-04-17T08:28:58 IST" name="Test" finished-at="2026-04-17T08:29:10 IST" duration-ms="12630">
      <class name="testCases.TC004_ClickComputers">
        <test-method is-config="true" signature="setup(java.lang.String,java.lang.String)[pri:0, instance:testCases.TC004_ClickComputers@df6620a]" started-at="2026-04-17T08:28:58 IST" name="setup" finished-at="2026-04-17T08:29:02 IST" duration-ms="3816" status="PASS">
          <params>
            <param index="0">
              <value>
                <![CDATA[Windows]]>
              </value>
            </param>
            <param index="1">
              <value>
                <![CDATA[chrome]]>
              </value>
            </param>
          </params>
          <reporter-output>
          </reporter-output>
        </test-method> <!-- setup -->
        <test-method signature="clickCompLink()[pri:0, instance:testCases.TC004_ClickComputers@df6620a]" started-at="2026-04-17T08:29:02 IST" name="clickCompLink" finished-at="2026-04-17T08:29:04 IST" duration-ms="2371" status="PASS">
          <reporter-output>
          </reporter-output>
        </test-method> <!-- clickCompLink -->
        <test-method is-config="true" signature="tearDown()[pri:0, instance:testCases.TC004_ClickComputers@df6620a]" started-at="2026-04-17T08:29:04 IST" name="tearDown" finished-at="2026-04-17T08:29:04 IST" duration-ms="170" status="PASS">
          <reporter-output>
          </reporter-output>
        </test-method> <!-- tearDown -->
      </class> <!-- testCases.TC004_ClickComputers -->
      <class name="testCases.TC002_WebLoginTest">
        <test-method is-config="true" signature="setup(java.lang.String,java.lang.String)[pri:0, instance:testCases.TC002_WebLoginTest@5e403b4a]" started-at="2026-04-17T08:29:04 IST" name="setup" finished-at="2026-04-17T08:29:08 IST" duration-ms="3506" status="PASS">
          <params>
            <param index="0">
              <value>
                <![CDATA[Windows]]>
              </value>
            </param>
            <param index="1">
              <value>
                <![CDATA[chrome]]>
              </value>
            </param>
          </params>
          <reporter-output>
          </reporter-output>
        </test-method> <!-- setup -->
        <test-method signature="verifyLogin()[pri:0, instance:testCases.TC002_WebLoginTest@5e403b4a]" started-at="2026-04-17T08:29:08 IST" name="verifyLogin" finished-at="2026-04-17T08:29:10 IST" duration-ms="2385" status="PASS">
          <reporter-output>
          </reporter-output>
        </test-method> <!-- verifyLogin -->
        <test-method is-config="true" signature="tearDown()[pri:0, instance:testCases.TC002_WebLoginTest@5e403b4a]" started-at="2026-04-17T08:29:10 IST" name="tearDown" finished-at="2026-04-17T08:29:10 IST" duration-ms="204" status="PASS">
          <reporter-output>
          </reporter-output>
        </test-method> <!-- tearDown -->
      </class> <!-- testCases.TC002_WebLoginTest -->
    </test> <!-- Test -->
  </suite> <!-- Suite -->
</testng-results>
