<?xml version="1.0" encoding="UTF-8"?>
<testng-results ignored="0" total="2" passed="2" failed="0" skipped="0">
  <reporter-output>
  </reporter-output>
  <suite started-at="2026-04-15T19:59:58 IST" name="Suite" finished-at="2026-04-15T20:00:17 IST" duration-ms="18822">
    <groups>
      <group name="Master">
        <method signature="TC002_WebLoginTest.verifyLogin()[pri:0, instance:testCases.TC002_WebLoginTest@6aaceffd]" name="verifyLogin" class="testCases.TC002_WebLoginTest"/>
        <method signature="TC004_ClickComputers.clickCompLink()[pri:0, instance:testCases.TC004_ClickComputers@445b295b]" name="clickCompLink" class="testCases.TC004_ClickComputers"/>
      </group> <!-- Master -->
      <group name="Sanity">
        <method signature="TC002_WebLoginTest.verifyLogin()[pri:0, instance:testCases.TC002_WebLoginTest@6aaceffd]" name="verifyLogin" class="testCases.TC002_WebLoginTest"/>
      </group> <!-- Sanity -->
      <group name="Regression">
        <method signature="TC004_ClickComputers.clickCompLink()[pri:0, instance:testCases.TC004_ClickComputers@445b295b]" name="clickCompLink" class="testCases.TC004_ClickComputers"/>
      </group> <!-- Regression -->
    </groups>
    <test started-at="2026-04-15T19:59:58 IST" name="Test-Linux" finished-at="2026-04-15T20:00:17 IST" duration-ms="18822">
      <class name="testCases.TC004_ClickComputers">
        <test-method is-config="true" signature="setup(java.lang.String,java.lang.String)[pri:0, instance:testCases.TC004_ClickComputers@445b295b]" started-at="2026-04-15T19:59:59 IST" name="setup" finished-at="2026-04-15T20:00:06 IST" duration-ms="7042" status="PASS">
          <params>
            <param index="0">
              <value>
                <![CDATA[Linux]]>
              </value>
            </param>
            <param index="1">
              <value>
                <![CDATA[chrome]]>
              </value>
            </param>
          </params>
          <reporter-output>
          </reporter-output>
        </test-method> <!-- setup -->
        <test-method signature="clickCompLink()[pri:0, instance:testCases.TC004_ClickComputers@445b295b]" started-at="2026-04-15T20:00:06 IST" name="clickCompLink" finished-at="2026-04-15T20:00:10 IST" duration-ms="3990" status="PASS">
          <reporter-output>
          </reporter-output>
        </test-method> <!-- clickCompLink -->
        <test-method is-config="true" signature="tearDown()[pri:0, instance:testCases.TC004_ClickComputers@445b295b]" started-at="2026-04-15T20:00:10 IST" name="tearDown" finished-at="2026-04-15T20:00:10 IST" duration-ms="95" status="PASS">
          <reporter-output>
          </reporter-output>
        </test-method> <!-- tearDown -->
      </class> <!-- testCases.TC004_ClickComputers -->
      <class name="testCases.TC002_WebLoginTest">
        <test-method is-config="true" signature="setup(java.lang.String,java.lang.String)[pri:0, instance:testCases.TC002_WebLoginTest@6aaceffd]" started-at="2026-04-15T20:00:10 IST" name="setup" finished-at="2026-04-15T20:00:13 IST" duration-ms="3510" status="PASS">
          <params>
            <param index="0">
              <value>
                <![CDATA[Linux]]>
              </value>
            </param>
            <param index="1">
              <value>
                <![CDATA[chrome]]>
              </value>
            </param>
          </params>
          <reporter-output>
          </reporter-output>
        </test-method> <!-- setup -->
        <test-method signature="verifyLogin()[pri:0, instance:testCases.TC002_WebLoginTest@6aaceffd]" started-at="2026-04-15T20:00:13 IST" name="verifyLogin" finished-at="2026-04-15T20:00:17 IST" duration-ms="3625" status="PASS">
          <reporter-output>
          </reporter-output>
        </test-method> <!-- verifyLogin -->
        <test-method is-config="true" signature="tearDown()[pri:0, instance:testCases.TC002_WebLoginTest@6aaceffd]" started-at="2026-04-15T20:00:17 IST" name="tearDown" finished-at="2026-04-15T20:00:17 IST" duration-ms="90" status="PASS">
          <reporter-output>
          </reporter-output>
        </test-method> <!-- tearDown -->
      </class> <!-- testCases.TC002_WebLoginTest -->
    </test> <!-- Test-Linux -->
  </suite> <!-- Suite -->
</testng-results>
