<?xml version="1.0" encoding="UTF-8"?>
<!-- Generated by org.testng.reporters.JUnitReportReporter -->
<testsuite hostname="LAPTOP-3KEMM0KA" failures="0" tests="5" name="testCases.TC003_LoginCheck" time="46.101" errors="0" timestamp="2026-04-02T10:39:17 IST" skipped="0">
  <testcase classname="testCases.TC003_LoginCheck" name="checkLogin" time="11.039"/>
  <testcase classname="testCases.TC003_LoginCheck" name="checkLogin" time="2.409"/>
  <testcase classname="testCases.TC003_LoginCheck" name="checkLogin" time="11.000"/>
  <testcase classname="testCases.TC003_LoginCheck" name="checkLogin" time="11.024"/>
  <testcase classname="testCases.TC003_LoginCheck" name="checkLogin" time="10.629"/>
</testsuite> <!-- testCases.TC003_LoginCheck -->
